#
# There is insufficient memory for the Java Runtime Environment to continue.
# Native memory allocation (malloc) failed to allocate 4088 bytes for AllocateHeap
# Possible reasons:
#   The system is out of physical RAM or swap space
#   The process is running with CompressedOops enabled, and the Java Heap may be blocking the growth of the native heap
# Possible solutions:
#   Reduce memory load on the system
#   Increase physical memory or swap space
#   Check if swap backing store is full
#   Decrease Java heap size (-Xmx/-Xms)
#   Decrease number of Java threads
#   Decrease Java thread stack sizes (-Xss)
#   Set larger code cache with -XX:ReservedCodeCacheSize=
#   JVM is running with Zero Based Compressed Oops mode in which the Java heap is
#     placed in the first 32GB address space. The Java Heap base address is the
#     maximum limit for the native heap growth. Please use -XX:HeapBaseMinAddress
#     to set the Java Heap base and to place the Java Heap above 32GB virtual address.
# This output file may be truncated or incomplete.
#
#  Out of Memory Error (memory/allocation.inline.hpp:61), pid=30644, tid=0x0000000000003a68
#
# JRE version: Java(TM) SE Runtime Environment (8.0_202-b08) (build 1.8.0_202-b08)
# Java VM: Java HotSpot(TM) 64-Bit Server VM (25.202-b08 mixed mode windows-amd64 compressed oops)
# Failed to write core dump. Minidumps are not enabled by default on client versions of Windows
#

---------------  T H R E A D  ---------------

Current thread (0x0000000002be8000):  GCTaskThread [stack: 0x0000000012e80000,0x0000000012f80000] [id=14952]

Stack: [0x0000000012e80000,0x0000000012f80000]
[error occurred during error reporting (printing stack bounds), id 0xc0000005]

Native frames: (J=compiled Java code, j=interpreted, Vv=VM code, C=native code)


---------------  P R O C E S S  ---------------

Java Threads: ( => current thread )
  0x0000000022790800 JavaThread "HikariPool-1 connection adder" daemon [_thread_blocked, id=34944, stack(0x00000000253d0000,0x00000000254d0000)]
  0x0000000022786000 JavaThread "HikariPool-1 connection closer" daemon [_thread_blocked, id=34912, stack(0x00000000248d0000,0x00000000249d0000)]
  0x000000002278a800 JavaThread "AsyncResolver-bootstrap-executor-0" daemon [_thread_blocked, id=17680, stack(0x000000001e030000,0x000000001e130000)]
  0x000000002278a000 JavaThread "commons-pool-evictor-thread" daemon [_thread_blocked, id=2956, stack(0x0000000024cd0000,0x0000000024dd0000)]
  0x0000000022785800 JavaThread "SessionValidationThread-1" daemon [_thread_blocked, id=8556, stack(0x00000000029c0000,0x0000000002ac0000)]
  0x0000000022784800 JavaThread "DiscoveryClient-HeartbeatExecutor-0" daemon [_thread_blocked, id=20544, stack(0x0000000024bd0000,0x0000000024cd0000)]
  0x0000000022788800 JavaThread "DiscoveryClient-CacheRefreshExecutor-0" daemon [_thread_blocked, id=15936, stack(0x0000000024ad0000,0x0000000024bd0000)]
  0x0000000022787000 JavaThread "DestroyJavaVM" [_thread_blocked, id=124, stack(0x0000000002ac0000,0x0000000002bc0000)]
  0x0000000022787800 JavaThread "http-nio-9002-AsyncTimeout" daemon [_thread_blocked, id=27416, stack(0x00000000247d0000,0x00000000248d0000)]
  0x000000001f922800 JavaThread "http-nio-9002-Acceptor-0" daemon [_thread_in_native, id=4436, stack(0x00000000246d0000,0x00000000247d0000)]
  0x000000001f922000 JavaThread "http-nio-9002-ClientPoller-1" daemon [_thread_blocked, id=9988, stack(0x00000000245d0000,0x00000000246d0000)]
  0x000000001f91f800 JavaThread "http-nio-9002-ClientPoller-0" daemon [_thread_blocked, id=28200, stack(0x00000000244d0000,0x00000000245d0000)]
  0x000000001f924000 JavaThread "http-nio-9002-exec-10" daemon [_thread_blocked, id=5052, stack(0x00000000243d0000,0x00000000244d0000)]
  0x000000001f923800 JavaThread "http-nio-9002-exec-9" daemon [_thread_blocked, id=27168, stack(0x00000000242d0000,0x00000000243d0000)]
  0x000000001f91f000 JavaThread "http-nio-9002-exec-8" daemon [_thread_blocked, id=10620, stack(0x00000000241d0000,0x00000000242d0000)]
  0x000000001f921000 JavaThread "http-nio-9002-exec-7" daemon [_thread_blocked, id=30088, stack(0x00000000240d0000,0x00000000241d0000)]
  0x000000001f91e000 JavaThread "http-nio-9002-exec-6" daemon [_thread_blocked, id=16456, stack(0x0000000023fd0000,0x00000000240d0000)]
  0x000000001f920800 JavaThread "http-nio-9002-exec-5" daemon [_thread_blocked, id=25576, stack(0x0000000023ed0000,0x0000000023fd0000)]
  0x000000001f916800 JavaThread "http-nio-9002-exec-4" daemon [_thread_blocked, id=27004, stack(0x0000000023dd0000,0x0000000023ed0000)]
  0x000000001f91d800 JavaThread "http-nio-9002-exec-3" daemon [_thread_blocked, id=19296, stack(0x0000000023cd0000,0x0000000023dd0000)]
  0x000000001f91a800 JavaThread "http-nio-9002-exec-2" daemon [_thread_blocked, id=8984, stack(0x0000000023bd0000,0x0000000023cd0000)]
  0x000000001f91b000 JavaThread "http-nio-9002-exec-1" daemon [_thread_blocked, id=24612, stack(0x0000000023ad0000,0x0000000023bd0000)]
  0x000000001f919800 JavaThread "NioBlockingSelector.BlockPoller-1" daemon [_thread_blocked, id=25060, stack(0x00000000239d0000,0x0000000023ad0000)]
  0x000000001f91c000 JavaThread "DiscoveryClient-InstanceInfoReplicator-0" daemon [_thread_blocked, id=10332, stack(0x00000000238d0000,0x00000000239d0000)]
  0x000000001f917800 JavaThread "DiscoveryClient-1" daemon [_thread_blocked, id=26260, stack(0x00000000237d0000,0x00000000238d0000)]
  0x000000001f916000 JavaThread "DiscoveryClient-0" daemon [_thread_blocked, id=11056, stack(0x00000000236d0000,0x00000000237d0000)]
  0x000000001f91c800 JavaThread "AsyncResolver-bootstrap-0" daemon [_thread_blocked, id=4372, stack(0x0000000022400000,0x0000000022500000)]
  0x000000001f915000 JavaThread "Eureka-JerseyClient-Conn-Cleaner2" daemon [_thread_blocked, id=22684, stack(0x0000000022300000,0x0000000022400000)]
  0x000000001f919000 JavaThread "Eureka-JerseyClient-Conn-Cleaner2" daemon [_thread_blocked, id=17904, stack(0x0000000022200000,0x0000000022300000)]
  0x000000001f5f6800 JavaThread "spring.cloud.inetutils" daemon [_thread_blocked, id=30272, stack(0x0000000020800000,0x0000000020900000)]
  0x000000001f5f9800 JavaThread "container-0" [_thread_blocked, id=22456, stack(0x0000000021b00000,0x0000000021c00000)]
  0x000000001f5f8000 JavaThread "ContainerBackgroundProcessor[StandardEngine[Tomcat]]" daemon [_thread_blocked, id=11868, stack(0x0000000021700000,0x0000000021800000)]
  0x000000001d1c4800 JavaThread "HikariPool-1 housekeeper" daemon [_thread_blocked, id=4824, stack(0x0000000020500000,0x0000000020600000)]
  0x000000001c6da000 JavaThread "Abandoned connection cleanup thread" daemon [_thread_blocked, id=17848, stack(0x000000001db30000,0x000000001dc30000)]
  0x000000001cbac000 JavaThread "RMI Scheduler(0)" daemon [_thread_blocked, id=22328, stack(0x000000001e130000,0x000000001e230000)]
  0x000000001c757800 JavaThread "RMI TCP Accept-0" daemon [_thread_in_native, id=3688, stack(0x000000001d680000,0x000000001d780000)]
  0x000000001c0a1000 JavaThread "Service Thread" daemon [_thread_blocked, id=15740, stack(0x000000001c5b0000,0x000000001c6b0000)]
  0x000000001c019800 JavaThread "C1 CompilerThread2" daemon [_thread_blocked, id=13748, stack(0x000000001c4b0000,0x000000001c5b0000)]
  0x000000001c018800 JavaThread "C2 CompilerThread1" daemon [_thread_blocked, id=1168, stack(0x000000001c3b0000,0x000000001c4b0000)]
  0x000000001c016000 JavaThread "C2 CompilerThread0" daemon [_thread_blocked, id=22608, stack(0x000000001c2b0000,0x000000001c3b0000)]
  0x0000000019ead000 JavaThread "JDWP Command Reader" daemon [_thread_in_native, id=17868, stack(0x000000001b9b0000,0x000000001bab0000)]
  0x0000000019ea9800 JavaThread "JDWP Event Helper Thread" daemon [_thread_blocked, id=8872, stack(0x000000001b8b0000,0x000000001b9b0000)]
  0x0000000019e9c000 JavaThread "JDWP Transport Listener: dt_socket" daemon [_thread_blocked, id=16628, stack(0x000000001b7b0000,0x000000001b8b0000)]
  0x0000000019e90800 JavaThread "Attach Listener" daemon [_thread_blocked, id=15460, stack(0x000000001b6b0000,0x000000001b7b0000)]
  0x000000001b1f3800 JavaThread "Signal Dispatcher" daemon [_thread_blocked, id=7908, stack(0x000000001b5b0000,0x000000001b6b0000)]
  0x0000000019e53800 JavaThread "Finalizer" daemon [_thread_blocked, id=29924, stack(0x000000001b0b0000,0x000000001b1b0000)]
  0x0000000019e4a000 JavaThread "Reference Handler" daemon [_thread_blocked, id=30184, stack(0x000000001afb0000,0x000000001b0b0000)]

Other Threads:
  0x0000000019e26800 VMThread [stack: 0x000000001aeb0000,0x000000001afb0000] [id=28884]
  0x000000001c76d800 WatcherThread [stack: 0x000000001d780000,0x000000001d880000] [id=8000]

=>0x0000000002be8000 (exited) GCTaskThread [stack: 0x0000000012e80000,0x0000000012f80000] [id=14952]

VM state:at safepoint (normal execution)

VM Mutex/Monitor currently owned by a thread:  ([mutex/lock_event])
[0x0000000002bc6ac0] Threads_lock - owner thread: 0x0000000019e26800
[0x0000000002bc8450] Heap_lock - owner thread: 0x000000001f921000

heap address: 0x0000000701800000, size: 3048 MB, Compressed Oops mode: Zero based, Oop shift amount: 3
Narrow klass base: 0x0000000000000000, Narrow klass shift: 3
Compressed class space size: 1073741824 Address: 0x00000007c0000000

Heap:
 PSYoungGen      total 450560K, used 450530K [0x0000000780800000, 0x00000007a7b00000, 0x00000007c0000000)
  eden space 331776K, 100% used [0x0000000780800000,0x0000000794c00000,0x0000000794c00000)
  from space 118784K, 99% used [0x00000007a0700000,0x00000007a7af8b50,0x00000007a7b00000)
  to   space 36352K, 99% used [0x0000000794c00000,0x0000000796f78190,0x0000000796f80000)
 ParOldGen       total 964096K, used 964088K [0x0000000701800000, 0x000000073c580000, 0x0000000780800000)
  object space 964096K, 99% used [0x0000000701800000,0x000000073c57e1c0,0x000000073c580000)
 Metaspace       used 72800K, capacity 75794K, committed 76928K, reserved 1116160K
  class space    used 9604K, capacity 10128K, committed 10368K, reserved 1048576K

Card table byte_map: [0x0000000012180000,0x0000000012780000] byte_map_base: 0x000000000e974000

Marking Bits: (ParMarkBitMap*) 0x00000000630c5ce0
 Begin Bits: [0x0000000012f80000, 0x0000000015f20000)
 End Bits:   [0x0000000015f20000, 0x0000000018ec0000)

Polling page: 0x0000000000930000

CodeCache: size=245760Kb used=21182Kb max_used=21182Kb free=224577Kb
 bounds [0x0000000002dc0000, 0x0000000004280000, 0x0000000011dc0000]
 total_blobs=11068 nmethods=10420 adapters=566
 compilation: enabled

Compilation events (10 events):
Event: 60402.711 Thread 0x000000001c019800 10728   !   1       sun.security.ssl.ClientHandshaker::serverHelloDone (1557 bytes)
Event: 60402.720 Thread 0x000000001c019800 nmethod 10728 0x000000000425ef50 code [0x000000000425f740, 0x00000000042628c8]
Event: 60402.722 Thread 0x000000001c019800 10727   !   1       javax.crypto.Cipher::getInstance (295 bytes)
Event: 60402.724 Thread 0x000000001c019800 nmethod 10727 0x00000000042664d0 code [0x0000000004266820, 0x00000000042678b8]
Event: 60402.725 Thread 0x000000001c019800 10726   !   1       sun.security.ssl.ClientHandshaker::serverHello (1201 bytes)
Event: 60402.735 Thread 0x000000001c019800 nmethod 10726 0x0000000004268990 code [0x0000000004269100, 0x000000000426c528]
Event: 60402.736 Thread 0x000000001c019800 10725       1       sun.security.ssl.HelloExtensions::<init> (237 bytes)
Event: 60402.738 Thread 0x000000001c019800 nmethod 10725 0x00000000042702d0 code [0x0000000004270600, 0x0000000004271358]
Event: 60405.077 Thread 0x000000001c019800 10729       1       org.apache.xmlbeans.impl.store.CharUtil$CharJoin::<init> (111 bytes)
Event: 60405.077 Thread 0x000000001c019800 nmethod 10729 0x00000000042726d0 code [0x0000000004272840, 0x0000000004272ab0]

GC Heap History (10 events):
Event: 53290.111 GC heap after
Heap after GC invocations=18 (full 3):
 PSYoungGen      total 366592K, used 27638K [0x0000000780800000, 0x0000000799300000, 0x00000007c0000000)
  eden space 338944K, 0% used [0x0000000780800000,0x0000000780800000,0x0000000795300000)
  from space 27648K, 99% used [0x0000000796680000,0x000000079817dbc0,0x0000000798180000)
  to   space 17920K, 0% used [0x0000000798180000,0x0000000798180000,0x0000000799300000)
 ParOldGen       total 196096K, used 48646K [0x0000000701800000, 0x000000070d780000, 0x0000000780800000)
  object space 196096K, 24% used [0x0000000701800000,0x0000000704781aa8,0x000000070d780000)
 Metaspace       used 68822K, capacity 72042K, committed 72320K, reserved 1112064K
  class space    used 9182K, capacity 9730K, committed 9856K, reserved 1048576K
}
Event: 60387.950 GC heap before
{Heap before GC invocations=19 (full 3):
 PSYoungGen      total 366592K, used 366582K [0x0000000780800000, 0x0000000799300000, 0x00000007c0000000)
  eden space 338944K, 100% used [0x0000000780800000,0x0000000795300000,0x0000000795300000)
  from space 27648K, 99% used [0x0000000796680000,0x000000079817dbc0,0x0000000798180000)
  to   space 17920K, 0% used [0x0000000798180000,0x0000000798180000,0x0000000799300000)
 ParOldGen       total 815616K, used 667186K [0x0000000701800000, 0x0000000733480000, 0x0000000780800000)
  object space 815616K, 81% used [0x0000000701800000,0x000000072a38c988,0x0000000733480000)
 Metaspace       used 73260K, capacity 76618K, committed 76928K, reserved 1116160K
  class space    used 9665K, capacity 10254K, committed 10368K, reserved 1048576K
Event: 60389.271 GC heap after
Heap after GC invocations=19 (full 3):
 PSYoungGen      total 345088K, used 17905K [0x0000000780800000, 0x0000000799300000, 0x00000007c0000000)
  eden space 327168K, 0% used [0x0000000780800000,0x0000000780800000,0x0000000794780000)
  from space 17920K, 99% used [0x0000000798180000,0x00000007992fc790,0x0000000799300000)
  to   space 36352K, 0% used [0x0000000794c00000,0x0000000794c00000,0x0000000796f80000)
 ParOldGen       total 815616K, used 679113K [0x0000000701800000, 0x0000000733480000, 0x0000000780800000)
  object space 815616K, 83% used [0x0000000701800000,0x000000072af325d0,0x0000000733480000)
 Metaspace       used 73260K, capacity 76618K, committed 76928K, reserved 1116160K
  class space    used 9665K, capacity 10254K, committed 10368K, reserved 1048576K
}
Event: 60393.617 GC heap before
{Heap before GC invocations=20 (full 3):
 PSYoungGen      total 345088K, used 345073K [0x0000000780800000, 0x0000000799300000, 0x00000007c0000000)
  eden space 327168K, 100% used [0x0000000780800000,0x0000000794780000,0x0000000794780000)
  from space 17920K, 99% used [0x0000000798180000,0x00000007992fc790,0x0000000799300000)
  to   space 36352K, 0% used [0x0000000794c00000,0x0000000794c00000,0x0000000796f80000)
 ParOldGen       total 815616K, used 679113K [0x0000000701800000, 0x0000000733480000, 0x0000000780800000)
  object space 815616K, 83% used [0x0000000701800000,0x000000072af325d0,0x0000000733480000)
 Metaspace       used 73372K, capacity 76714K, committed 76928K, reserved 1116160K
  class space    used 9692K, capacity 10286K, committed 10368K, reserved 1048576K
Event: 60394.059 GC heap after
Heap after GC invocations=20 (full 3):
 PSYoungGen      total 368128K, used 36320K [0x0000000780800000, 0x00000007a7b00000, 0x00000007c0000000)
  eden space 331776K, 0% used [0x0000000780800000,0x0000000780800000,0x0000000794c00000)
  from space 36352K, 99% used [0x0000000794c00000,0x0000000796f781a0,0x0000000796f80000)
  to   space 118784K, 0% used [0x00000007a0700000,0x00000007a0700000,0x00000007a7b00000)
 ParOldGen       total 888320K, used 887761K [0x0000000701800000, 0x0000000737b80000, 0x0000000780800000)
  object space 888320K, 99% used [0x0000000701800000,0x0000000737af4778,0x0000000737b80000)
 Metaspace       used 73372K, capacity 76714K, committed 76928K, reserved 1116160K
  class space    used 9692K, capacity 10286K, committed 10368K, reserved 1048576K
}
Event: 60394.059 GC heap before
{Heap before GC invocations=21 (full 4):
 PSYoungGen      total 368128K, used 36320K [0x0000000780800000, 0x00000007a7b00000, 0x00000007c0000000)
  eden space 331776K, 0% used [0x0000000780800000,0x0000000780800000,0x0000000794c00000)
  from space 36352K, 99% used [0x0000000794c00000,0x0000000796f781a0,0x0000000796f80000)
  to   space 118784K, 0% used [0x00000007a0700000,0x00000007a0700000,0x00000007a7b00000)
 ParOldGen       total 888320K, used 887761K [0x0000000701800000, 0x0000000737b80000, 0x0000000780800000)
  object space 888320K, 99% used [0x0000000701800000,0x0000000737af4778,0x0000000737b80000)
 Metaspace       used 73372K, capacity 76714K, committed 76928K, reserved 1116160K
  class space    used 9692K, capacity 10286K, committed 10368K, reserved 1048576K
Event: 60402.522 GC heap after
Heap after GC invocations=21 (full 4):
 PSYoungGen      total 368128K, used 0K [0x0000000780800000, 0x00000007a7b00000, 0x00000007c0000000)
  eden space 331776K, 0% used [0x0000000780800000,0x0000000780800000,0x0000000794c00000)
  from space 36352K, 0% used [0x0000000794c00000,0x0000000794c00000,0x0000000796f80000)
  to   space 118784K, 0% used [0x00000007a0700000,0x00000007a0700000,0x00000007a7b00000)
 ParOldGen       total 875520K, used 584932K [0x0000000701800000, 0x0000000736f00000, 0x0000000780800000)
  object space 875520K, 66% used [0x0000000701800000,0x0000000725339250,0x0000000736f00000)
 Metaspace       used 72797K, capacity 75788K, committed 76928K, reserved 1116160K
  class space    used 9604K, capacity 10127K, committed 10368K, reserved 1048576K
}
Event: 60404.340 GC heap before
{Heap before GC invocations=22 (full 4):
 PSYoungGen      total 368128K, used 331776K [0x0000000780800000, 0x00000007a7b00000, 0x00000007c0000000)
  eden space 331776K, 100% used [0x0000000780800000,0x0000000794c00000,0x0000000794c00000)
  from space 36352K, 0% used [0x0000000794c00000,0x0000000794c00000,0x0000000796f80000)
  to   space 118784K, 0% used [0x00000007a0700000,0x00000007a0700000,0x00000007a7b00000)
 ParOldGen       total 875520K, used 584932K [0x0000000701800000, 0x0000000736f00000, 0x0000000780800000)
  object space 875520K, 66% used [0x0000000701800000,0x0000000725339250,0x0000000736f00000)
 Metaspace       used 72800K, capacity 75794K, committed 76928K, reserved 1116160K
  class space    used 9604K, capacity 10128K, committed 10368K, reserved 1048576K
Event: 60404.541 GC heap after
Heap after GC invocations=22 (full 4):
 PSYoungGen      total 450560K, used 118754K [0x0000000780800000, 0x00000007a7b00000, 0x00000007c0000000)
  eden space 331776K, 0% used [0x0000000780800000,0x0000000780800000,0x0000000794c00000)
  from space 118784K, 99% used [0x00000007a0700000,0x00000007a7af8b50,0x00000007a7b00000)
  to   space 36352K, 0% used [0x0000000794c00000,0x0000000794c00000,0x0000000796f80000)
 ParOldGen       total 875520K, used 712830K [0x0000000701800000, 0x0000000736f00000, 0x0000000780800000)
  object space 875520K, 81% used [0x0000000701800000,0x000000072d01f9e0,0x0000000736f00000)
 Metaspace       used 72800K, capacity 75794K, committed 76928K, reserved 1116160K
  class space    used 9604K, capacity 10128K, committed 10368K, reserved 1048576K
}
Event: 60406.178 GC heap before
{Heap before GC invocations=23 (full 4):
 PSYoungGen      total 450560K, used 450530K [0x0000000780800000, 0x00000007a7b00000, 0x00000007c0000000)
  eden space 331776K, 100% used [0x0000000780800000,0x0000000794c00000,0x0000000794c00000)
  from space 118784K, 99% used [0x00000007a0700000,0x00000007a7af8b50,0x00000007a7b00000)
  to   space 36352K, 0% used [0x0000000794c00000,0x0000000794c00000,0x0000000796f80000)
 ParOldGen       total 875520K, used 712830K [0x0000000701800000, 0x0000000736f00000, 0x0000000780800000)
  object space 875520K, 81% used [0x0000000701800000,0x000000072d01f9e0,0x0000000736f00000)
 Metaspace       used 72800K, capacity 75794K, committed 76928K, reserved 1116160K
  class space    used 9604K, capacity 10128K, committed 10368K, reserved 1048576K

Deoptimization events (0 events):
No events

Classes redefined (0 events):
No events

Internal exceptions (10 events):
Event: 60378.889 Thread 0x000000001f921000 Exception <a 'java/security/PrivilegedActionException'> (0x000000078b26a0b0) thrown at [C:\re\workspace\8-2-build-windows-amd64-cygwin\jdk8u202\12323\hotspot\src\share\vm\prims\jvm.cpp, line 1502]
Event: 60378.890 Thread 0x000000001f921000 Exception <a 'java/security/PrivilegedActionException'> (0x000000078b282128) thrown at [C:\re\workspace\8-2-build-windows-amd64-cygwin\jdk8u202\12323\hotspot\src\share\vm\prims\jvm.cpp, line 1502]
Event: 60378.890 Thread 0x000000001f921000 Exception <a 'java/security/PrivilegedActionException'> (0x000000078b2828f0) thrown at [C:\re\workspace\8-2-build-windows-amd64-cygwin\jdk8u202\12323\hotspot\src\share\vm\prims\jvm.cpp, line 1502]
Event: 60378.891 Thread 0x000000001f921000 Exception <a 'java/security/PrivilegedActionException'> (0x000000078b29c800) thrown at [C:\re\workspace\8-2-build-windows-amd64-cygwin\jdk8u202\12323\hotspot\src\share\vm\prims\jvm.cpp, line 1502]
Event: 60378.891 Thread 0x000000001f921000 Exception <a 'java/security/PrivilegedActionException'> (0x000000078b29d1b0) thrown at [C:\re\workspace\8-2-build-windows-amd64-cygwin\jdk8u202\12323\hotspot\src\share\vm\prims\jvm.cpp, line 1502]
Event: 60378.892 Thread 0x000000001f921000 Exception <a 'java/security/PrivilegedActionException'> (0x000000078b2b6a80) thrown at [C:\re\workspace\8-2-build-windows-amd64-cygwin\jdk8u202\12323\hotspot\src\share\vm\prims\jvm.cpp, line 1502]
Event: 60378.892 Thread 0x000000001f921000 Exception <a 'java/security/PrivilegedActionException'> (0x000000078b2b7248) thrown at [C:\re\workspace\8-2-build-windows-amd64-cygwin\jdk8u202\12323\hotspot\src\share\vm\prims\jvm.cpp, line 1502]
Event: 60378.893 Thread 0x000000001f921000 Exception <a 'java/security/PrivilegedActionException'> (0x000000078b2d17a8) thrown at [C:\re\workspace\8-2-build-windows-amd64-cygwin\jdk8u202\12323\hotspot\src\share\vm\prims\jvm.cpp, line 1502]
Event: 60378.893 Thread 0x000000001f921000 Exception <a 'java/security/PrivilegedActionException'> (0x000000078b2d2158) thrown at [C:\re\workspace\8-2-build-windows-amd64-cygwin\jdk8u202\12323\hotspot\src\share\vm\prims\jvm.cpp, line 1502]
Event: 60392.837 Thread 0x0000000022784800 Exception <a 'java/net/SocketTimeoutException': Read timed out> (0x000000078be3de80) thrown at [C:\re\workspace\8-2-build-windows-amd64-cygwin\jdk8u202\12323\hotspot\src\share\vm\prims\jni.cpp, line 736]

Events (10 events):
Event: 60402.761 Thread 0x0000000022790800 DEOPT UNPACKING pc=0x0000000002e07890 sp=0x00000000254cd1b8 mode 1
Event: 60402.761 Thread 0x0000000022790800 DEOPT PACKING pc=0x000000000356e9ec sp=0x00000000254cd4e0
Event: 60402.761 Thread 0x0000000022790800 DEOPT UNPACKING pc=0x0000000002e07890 sp=0x00000000254cd2c8 mode 1
Event: 60402.761 Thread 0x0000000022790800 DEOPT PACKING pc=0x0000000003e30264 sp=0x00000000254cd600
Event: 60402.761 Thread 0x0000000022790800 DEOPT UNPACKING pc=0x0000000002e07890 sp=0x00000000254cd3c8 mode 1
Event: 60402.761 Thread 0x0000000022790800 DEOPT PACKING pc=0x0000000003fe157c sp=0x00000000254cd700
Event: 60402.762 Thread 0x0000000022790800 DEOPT UNPACKING pc=0x0000000002e07890 sp=0x00000000254cd4a8 mode 1
Event: 60404.339 Executing VM operation: ParallelGCFailedAllocation
Event: 60404.542 Executing VM operation: ParallelGCFailedAllocation done
Event: 60406.178 Executing VM operation: ParallelGCFailedAllocation


Dynamic libraries:
0x00007ff70bd00000 - 0x00007ff70bd37000 	E:\java\jdk1.8\bin\java.exe
0x00007ff8aff20000 - 0x00007ff8b0110000 	C:\Windows\SYSTEM32\ntdll.dll
0x00007ff8af3d0000 - 0x00007ff8af482000 	C:\Windows\System32\KERNEL32.DLL
0x00007ff8ad010000 - 0x00007ff8ad2b4000 	C:\Windows\System32\KERNELBASE.dll
0x00007ff8adfd0000 - 0x00007ff8ae073000 	C:\Windows\System32\ADVAPI32.dll
0x00007ff8af1e0000 - 0x00007ff8af27e000 	C:\Windows\System32\msvcrt.dll
0x00007ff8aecd0000 - 0x00007ff8aed67000 	C:\Windows\System32\sechost.dll
0x00007ff8af2b0000 - 0x00007ff8af3d0000 	C:\Windows\System32\RPCRT4.dll
0x00007ff8af4a0000 - 0x00007ff8af634000 	C:\Windows\System32\USER32.dll
0x00007ff8aceb0000 - 0x00007ff8aced1000 	C:\Windows\System32\win32u.dll
0x00007ff8af280000 - 0x00007ff8af2a6000 	C:\Windows\System32\GDI32.dll
0x00007ff8ad460000 - 0x00007ff8ad5f5000 	C:\Windows\System32\gdi32full.dll
0x00007ff8acf40000 - 0x00007ff8acfde000 	C:\Windows\System32\msvcp_win.dll
0x00007ff8ad600000 - 0x00007ff8ad6fa000 	C:\Windows\System32\ucrtbase.dll
0x00007ff89f480000 - 0x00007ff89f704000 	C:\Windows\WinSxS\amd64_microsoft.windows.common-controls_6595b64144ccf1df_6.0.18362.900_none_e6beb9d913147d17\COMCTL32.dll
0x00007ff8af800000 - 0x00007ff8afb35000 	C:\Windows\System32\combase.dll
0x00007ff8ad7b0000 - 0x00007ff8ad830000 	C:\Windows\System32\bcryptPrimitives.dll
0x00007ff8af1b0000 - 0x00007ff8af1de000 	C:\Windows\System32\IMM32.DLL
0x0000000063600000 - 0x00000000636d2000 	E:\java\jdk1.8\jre\bin\msvcr100.dll
0x00000000628a0000 - 0x0000000063145000 	E:\java\jdk1.8\jre\bin\server\jvm.dll
0x00007ff8af7f0000 - 0x00007ff8af7f8000 	C:\Windows\System32\PSAPI.DLL
0x00007ff8a82f0000 - 0x00007ff8a82f9000 	C:\Windows\SYSTEM32\WSOCK32.dll
0x00007ff8a1f60000 - 0x00007ff8a1f6a000 	C:\Windows\SYSTEM32\VERSION.dll
0x00007ff8aaf50000 - 0x00007ff8aaf74000 	C:\Windows\SYSTEM32\WINMM.dll
0x00007ff8aedf0000 - 0x00007ff8aee5f000 	C:\Windows\System32\WS2_32.dll
0x00007ff8aaf20000 - 0x00007ff8aaf4d000 	C:\Windows\SYSTEM32\winmmbase.dll
0x00007ff8ad2c0000 - 0x00007ff8ad30a000 	C:\Windows\System32\cfgmgr32.dll
0x00007ff8a8350000 - 0x00007ff8a835f000 	E:\java\jdk1.8\jre\bin\verify.dll
0x00007ff8a5650000 - 0x00007ff8a5679000 	E:\java\jdk1.8\jre\bin\java.dll
0x00007ff8962a0000 - 0x00007ff8962d5000 	E:\java\jdk1.8\jre\bin\jdwp.dll
0x00007ff8a8340000 - 0x00007ff8a8348000 	E:\java\jdk1.8\jre\bin\npt.dll
0x00007ff89a7c0000 - 0x00007ff89a7e3000 	E:\java\jdk1.8\jre\bin\instrument.dll
0x00007ff8a5630000 - 0x00007ff8a5646000 	E:\java\jdk1.8\jre\bin\zip.dll
0x00007ff8ae570000 - 0x00007ff8aec56000 	C:\Windows\System32\SHELL32.dll
0x00007ff8afe30000 - 0x00007ff8afed9000 	C:\Windows\System32\shcore.dll
0x00007ff8ad830000 - 0x00007ff8adfb0000 	C:\Windows\System32\windows.storage.dll
0x00007ff8ace80000 - 0x00007ff8acea3000 	C:\Windows\System32\profapi.dll
0x00007ff8acdf0000 - 0x00007ff8ace3a000 	C:\Windows\System32\powrprof.dll
0x00007ff8acde0000 - 0x00007ff8acdf0000 	C:\Windows\System32\UMPDC.dll
0x00007ff8af140000 - 0x00007ff8af192000 	C:\Windows\System32\shlwapi.dll
0x00007ff8ace60000 - 0x00007ff8ace71000 	C:\Windows\System32\kernel.appcore.dll
0x00007ff8adfb0000 - 0x00007ff8adfc7000 	C:\Windows\System32\cryptsp.dll
0x00007ff8a8310000 - 0x00007ff8a8319000 	E:\java\jdk1.8\jre\bin\dt_socket.dll
0x00007ff8ac5f0000 - 0x00007ff8ac657000 	C:\Windows\system32\mswsock.dll
0x00007ff8a55d0000 - 0x00007ff8a55ea000 	E:\java\jdk1.8\jre\bin\net.dll
0x00007ff89eff0000 - 0x00007ff89f1c6000 	C:\Windows\SYSTEM32\urlmon.dll
0x00007ff89f9a0000 - 0x00007ff89fc46000 	C:\Windows\SYSTEM32\iertutil.dll
0x00007ff8ac7c0000 - 0x00007ff8ac7cc000 	C:\Windows\SYSTEM32\CRYPTBASE.DLL
0x00007ff8ac340000 - 0x00007ff8ac40b000 	C:\Windows\SYSTEM32\DNSAPI.dll
0x00007ff8af1a0000 - 0x00007ff8af1a8000 	C:\Windows\System32\NSI.dll
0x00007ff8ac300000 - 0x00007ff8ac33a000 	C:\Windows\SYSTEM32\IPHLPAPI.DLL
0x00007ff8a1d10000 - 0x00007ff8a1d1a000 	C:\Windows\System32\rasadhlp.dll
0x00007ff8a4160000 - 0x00007ff8a41d7000 	C:\Windows\System32\fwpuclnt.dll
0x00007ff8acfe0000 - 0x00007ff8ad006000 	C:\Windows\System32\bcrypt.dll
0x00007ff8a82e0000 - 0x00007ff8a82ed000 	E:\java\jdk1.8\jre\bin\management.dll
0x00007ff89a860000 - 0x00007ff89a872000 	E:\java\jdk1.8\jre\bin\nio.dll
0x00007ff8ac160000 - 0x00007ff8ac193000 	C:\Windows\system32\rsaenh.dll
0x00007ff8acd00000 - 0x00007ff8acd25000 	C:\Windows\SYSTEM32\USERENV.dll
0x00007ff8a4ba0000 - 0x00007ff8a4bb6000 	C:\Windows\SYSTEM32\dhcpcsvc6.DLL
0x00007ff8a4a00000 - 0x00007ff8a4a1c000 	C:\Windows\SYSTEM32\dhcpcsvc.DLL
0x00007ff896eb0000 - 0x00007ff896ec6000 	C:\Windows\system32\napinsp.dll
0x00007ff896e90000 - 0x00007ff896eaa000 	C:\Windows\system32\pnrpnsp.dll
0x00007ff897b60000 - 0x00007ff897b6e000 	C:\Windows\System32\winrnr.dll
0x00007ff8a9630000 - 0x00007ff8a964c000 	C:\Windows\system32\NLAapi.dll
0x00007ff8a8780000 - 0x00007ff8a8795000 	C:\Windows\system32\wshbth.dll
0x00007ff8979f0000 - 0x00007ff897a14000 	E:\java\jdk1.8\jre\bin\sunec.dll
0x00007ff8a59e0000 - 0x00007ff8a59eb000 	E:\java\jdk1.8\jre\bin\sunmscapi.dll
0x00007ff8ad310000 - 0x00007ff8ad459000 	C:\Windows\System32\CRYPT32.dll
0x00007ff8ace40000 - 0x00007ff8ace52000 	C:\Windows\System32\MSASN1.dll

VM Arguments:
jvm_args: -agentlib:jdwp=transport=dt_socket,address=127.0.0.1:53424,suspend=y,server=n -XX:TieredStopAtLevel=1 -Xverify:none -Dspring.output.ansi.enabled=always -Dcom.sun.management.jmxremote -Dspring.jmx.enabled=true -Dspring.liveBeansView.mbeanDomain -Dspring.application.admin.enabled=true -javaagent:C:\Users\Administrator\.IntelliJIdea2019.2\system\captureAgent\debugger-agent.jar -Dfile.encoding=UTF-8 
java_command: com.ihrm.system.SystemApplication
java_class_path (initial): E:\java\jdk1.8\jre\lib\charsets.jar;E:\java\jdk1.8\jre\lib\deploy.jar;E:\java\jdk1.8\jre\lib\ext\access-bridge-64.jar;E:\java\jdk1.8\jre\lib\ext\cldrdata.jar;E:\java\jdk1.8\jre\lib\ext\dnsns.jar;E:\java\jdk1.8\jre\lib\ext\jaccess.jar;E:\java\jdk1.8\jre\lib\ext\jfxrt.jar;E:\java\jdk1.8\jre\lib\ext\localedata.jar;E:\java\jdk1.8\jre\lib\ext\nashorn.jar;E:\java\jdk1.8\jre\lib\ext\sunec.jar;E:\java\jdk1.8\jre\lib\ext\sunjce_provider.jar;E:\java\jdk1.8\jre\lib\ext\sunmscapi.jar;E:\java\jdk1.8\jre\lib\ext\sunpkcs11.jar;E:\java\jdk1.8\jre\lib\ext\zipfs.jar;E:\java\jdk1.8\jre\lib\javaws.jar;E:\java\jdk1.8\jre\lib\jce.jar;E:\java\jdk1.8\jre\lib\jfr.jar;E:\java\jdk1.8\jre\lib\jfxswt.jar;E:\java\jdk1.8\jre\lib\jsse.jar;E:\java\jdk1.8\jre\lib\management-agent.jar;E:\java\jdk1.8\jre\lib\plugin.jar;E:\java\jdk1.8\jre\lib\resources.jar;E:\java\jdk1.8\jre\lib\rt.jar;H:\program\IHRM\ihrm_parent\ihrm_system\target\classes;C:\Users\Administrator\.m2\repository\org\springframework\boot\spring-boot-starter-data-jpa\2.0.5.RELEASE\spring-boot-starter-data-jpa-2.0.5.RELEASE.jar;C:\Users\Administrator\.m2\repository\org\springframework\boot\spring-boot-starter\2.0.5.RELEASE\spring-boot-starter-2.0.5.RELEASE.jar;C:\Users\Administrator\.m2\repository\org\springframework\boot\spring-boot\2.0.5.RELEASE\spring-boot-2.0.5.RELEASE.jar;C:\Users\Administrator\.m2\repository\org\springframework\boot\spring-boot-autoconfigure\2.0.5.RELEASE\spring-boot-autoconfigure-2.0.5.RELEASE.jar;C:\Users\Administrator\.m2\repository\org\springframework\boot\spring-boot-starter-logging\2.0.5.RELEASE\spring-boot-starter-logging-2.0.5.RELEASE.jar;C:\Users\Administrator\.m2\repository\ch\qos\logback\logback-classic\1.2.3\logback-classic-1.2.3.jar;C:\Users\Administrator\.m2\repository\ch\qos\logback\logback-core\1.2.3\logback-core-1.2.3.jar;C:\Users\Administrator\.m2\repository\org\apache\logging\log4j\log4j-to-slf4j\2.10.0\log4j-to-slf4j-2.10.0.jar;C:\Users\Administrator\.m2\repository\org\
Launcher Type: SUN_STANDARD

Environment Variables:
JAVA_HOME=E:\java\jdk1.8
CLASSPATH=.;E:\java\jdk1.8\lib\dt.jar;E:\java\jdk1.8\lib\tools.jar;
PATH=E:\;C:\Python27\;C:\Python27\Scripts;C:\Program Files (x86)\Common Files\Oracle\Java\javapath;C:\Windows\system32;C:\Windows;C:\Windows\System32\Wbem;C:\Windows\System32\WindowsPowerShell\v1.0\;C:\Windows\System32\OpenSSH\;C:\Program Files (x86)\NVIDIA Corporation\PhysX\Common;"E:\java\jdk1.8\bin;E:\java\jdk1.8\jre\bin;";E:\Git\cmd;C:\Program Files\MySQL\MySQL Server 5.7\bin;E:\erl10.0.1\bin;E:\curl-7.70.0-win64-mingw\bin;E:\consul;E:\apache-maven-3.6.3-bin\apache-maven-3.6.3\bin;E:\nodejs\;C:\ProgramData\chocolatey\bin;E:\ffmpeg-20200209-5ad1c1a-win64-static\ffmpeg-20200209-5ad1c1a-win64-static\bin;"E:\apache-tomcat-9.0.36\lib;E:\apache-tomcat-9.0.36\bin";E:\Go\bin;H:\program\GoWork\bin;E:\Ruby27-x64\bin;C:\Users\Administrator\AppData\Local\Microsoft\WindowsApps;H:\IntelliJ IDEA 2019.2.4\bin;H:\Microsoft VS Code\bin;C:\Users\Administrator\AppData\Roaming\npm;E:\Fiddler;H:\GoLand 2020.1.3\bin;C:\Users\Administrator\go\bin;C:\Users\Administrator\AppData\Local\GitHubDesktop\bin
USERNAME=Administrator
OS=Windows_NT
PROCESSOR_IDENTIFIER=Intel64 Family 6 Model 58 Stepping 9, GenuineIntel



---------------  S Y S T E M  ---------------

OS: Windows 10.0 , 64 bit Build 18362 (10.0.18362.900)

CPU:total 4 (initial active 4) (2 cores per cpu, 2 threads per core) family 6 model 58 stepping 9, cmov, cx8, fxsr, mmx, sse, sse2, sse3, ssse3, sse4.1, sse4.2, popcnt, avx, aes, clmul, erms, ht, tsc, tscinvbit, tscinv

Memory: 4k page, physical 12482920k(1314088k free), swap 22968804k(33744k free)

vm_info: Java HotSpot(TM) 64-Bit Server VM (25.202-b08) for windows-amd64 JRE (1.8.0_202-b08), built on Dec 15 2018 19:54:30 by "java_re" with MS VC++ 10.0 (VS2010)

time: Wed Jul 01 23:16:48 2020
timezone: 中国标准时间
elapsed time: 60407 seconds (0d 16h 46m 47s)

