#
# A fatal error has been detected by the Java Runtime Environment:
#
#  EXCEPTION_ACCESS_VIOLATION (0xc0000005) at pc=0x00007ff89a867447, pid=5880, tid=0x00000000000068d4
#
# JRE version: Java(TM) SE Runtime Environment (8.0_202-b08) (build 1.8.0_202-b08)
# Java VM: Java HotSpot(TM) 64-Bit Server VM (25.202-b08 mixed mode windows-amd64 compressed oops)
# Problematic frame:
# C  [nio.dll+0x7447]
#
# Failed to write core dump. Minidumps are not enabled by default on client versions of Windows
#
# If you would like to submit a bug report, please visit:
#   http://bugreport.java.com/bugreport/crash.jsp
# The crash happened outside the Java Virtual Machine in native code.
# See problematic frame for where to report the bug.
#

---------------  T H R E A D  ---------------

Current thread (0x0000000019d2b000):  JavaThread "http-nio-9001-ClientPoller-1" daemon [_thread_in_native, id=26836, stack(0x000000001db50000,0x000000001dc50000)]

siginfo: ExceptionCode=0xc0000005, writing address 0x000000001dc42000

Registers:
RAX=0x000000000000d0e0, RBX=0x000000001cf427a0, RCX=0x0000000019d2b1f8, RDX=0x000000001dc4f350
RSP=0x000000001dc4f1e8, RBP=0x000000001dc42220, RSI=0x00000000f699c0e8, RDI=0x00000000e0070a68
R8 =0x0000000019cd6000, R9 =0x0000000000000001, R10=0x000000001dc42000, R11=0x000000001dc42000
R12=0x0000000000000000, R13=0x000000001cf427a0, R14=0x000000001dc4f350, R15=0x0000000019d2b000
RIP=0x00007ff89a867447, EFLAGS=0x0000000000010287

Top of Stack: (sp=0x000000001dc4f1e8)
0x000000001dc4f1e8:   0000000002cf1dc4 0000000062accf20
0x000000001dc4f1f8:   00007ff89a866dc6 0000000019d2b000
0x000000001dc4f208:   000000001dc4f350 000000001cf427a0
0x000000001dc4f218:   0000000000000000 00000000e0070a68
0x000000001dc4f228:   00000000f699c0e8 000000001dc4f2f0
0x000000001dc4f238:   0000000002cf1df0 000000001dc4f2e0
0x000000001dc4f248:   000000001cf427a0 000000001dc4f320
0x000000001dc4f258:   0000000062adec1c 000000001dc4f330
0x000000001dc4f268:   000000001dc4f328 000000001dc4f320
0x000000001dc4f278:   00000000000003e8 0000000019ba8688
0x000000001dc4f288:   0000000062a1e092 0000000019ba8688
0x000000001dc4f298:   0000000000000000 0000000019d2b000
0x000000001dc4f2a8:   0000000062a23352 000000001dc4f2b0
0x000000001dc4f2b8:   0000000000000000 000000001dc4f350
0x000000001dc4f2c8:   000000001cf42e80 0000000000000000
0x000000001dc4f2d8:   000000001cf427a0 0000000000000000 

Instructions: (pc=0x00007ff89a867447)
0x00007ff89a867427:   d0 4d 0f 42 d3 65 4c 8b 1c 25 10 00 00 00 4d 3b
0x00007ff89a867437:   d3 73 16 66 41 81 e2 00 f0 4d 8d 9b 00 f0 ff ff
0x00007ff89a867447:   41 c6 03 00 4d 3b d3 75 f0 4c 8b 14 24 4c 8b 5c
0x00007ff89a867457:   24 08 48 83 c4 10 c3 cc cc 40 53 48 83 ec 20 b9 


Register to memory mapping:

RAX=0x000000000000d0e0 is an unknown value
RBX={method} {0x000000001cf427a8} 'poll0' '(JI[I[I[IJ)I' in 'sun/nio/ch/WindowsSelectorImpl$SubSelector'
RCX=0x0000000019d2b1f8 is an unknown value
RDX=0x000000001dc4f350 is pointing into the stack for thread: 0x0000000019d2b000
RSP=0x000000001dc4f1e8 is pointing into the stack for thread: 0x0000000019d2b000
RBP=0x000000001dc42220 is pointing into the stack for thread: 0x0000000019d2b000
RSI=0x00000000f699c0e8 is an oop
java.lang.Thread 
 - klass: 'java/lang/Thread'
RDI=0x00000000e0070a68 is an oop
java.lang.System$2 
 - klass: 'java/lang/System$2'
R8 =0x0000000019cd6000 is an unknown value
R9 =0x0000000000000001 is an unknown value
R10=0x000000001dc42000 is pointing into the stack for thread: 0x0000000019d2b000
R11=0x000000001dc42000 is pointing into the stack for thread: 0x0000000019d2b000
R12=0x0000000000000000 is an unknown value
R13={method} {0x000000001cf427a8} 'poll0' '(JI[I[I[IJ)I' in 'sun/nio/ch/WindowsSelectorImpl$SubSelector'
R14=0x000000001dc4f350 is pointing into the stack for thread: 0x0000000019d2b000
R15=0x0000000019d2b000 is a thread


Stack: [0x000000001db50000,0x000000001dc50000],  sp=0x000000001dc4f1e8,  free space=1020k
Native frames: (J=compiled Java code, j=interpreted, Vv=VM code, C=native code)
C  [nio.dll+0x7447]

Java frames: (J=compiled Java code, j=interpreted, Vv=VM code)
j  sun.nio.ch.WindowsSelectorImpl$SubSelector.poll0(JI[I[I[IJ)I+0
j  sun.nio.ch.WindowsSelectorImpl$SubSelector.poll()I+43
j  sun.nio.ch.WindowsSelectorImpl$SubSelector.access$400(Lsun/nio/ch/WindowsSelectorImpl$SubSelector;)I+1
j  sun.nio.ch.WindowsSelectorImpl.doSelect(J)I+63
j  sun.nio.ch.SelectorImpl.lockAndDoSelect(J)I+37
j  sun.nio.ch.SelectorImpl.select(J)I+30
j  org.apache.tomcat.util.net.NioEndpoint$Poller.run()V+55
j  java.lang.Thread.run()V+11
v  ~StubRoutines::call_stub

---------------  P R O C E S S  ---------------

Java Threads: ( => current thread )
  0x0000000019dcb800 JavaThread "DestroyJavaVM" [_thread_blocked, id=20632, stack(0x0000000002960000,0x0000000002a60000)]
  0x0000000019d29800 JavaThread "http-nio-9001-AsyncTimeout" daemon [_thread_blocked, id=28244, stack(0x000000001dd50000,0x000000001de50000)]
  0x0000000019d29000 JavaThread "http-nio-9001-Acceptor-0" daemon [_thread_in_native, id=18264, stack(0x000000001dc50000,0x000000001dd50000)]
=>0x0000000019d2b000 JavaThread "http-nio-9001-ClientPoller-1" daemon [_thread_in_native, id=26836, stack(0x000000001db50000,0x000000001dc50000)]
  0x0000000019d2d800 JavaThread "http-nio-9001-ClientPoller-0" daemon [_thread_in_native, id=18792, stack(0x000000001da50000,0x000000001db50000)]
  0x0000000019d2a800 JavaThread "http-nio-9001-exec-10" daemon [_thread_blocked, id=8240, stack(0x000000001d950000,0x000000001da50000)]
  0x0000000019d28000 JavaThread "http-nio-9001-exec-9" daemon [_thread_blocked, id=28784, stack(0x000000001d850000,0x000000001d950000)]
  0x0000000019d2c000 JavaThread "http-nio-9001-exec-8" daemon [_thread_blocked, id=11440, stack(0x000000001d750000,0x000000001d850000)]
  0x0000000019d2c800 JavaThread "http-nio-9001-exec-7" daemon [_thread_blocked, id=29052, stack(0x000000001d650000,0x000000001d750000)]
  0x0000000019d20800 JavaThread "http-nio-9001-exec-6" daemon [_thread_blocked, id=17256, stack(0x000000001d550000,0x000000001d650000)]
  0x0000000019d27800 JavaThread "http-nio-9001-exec-5" daemon [_thread_blocked, id=3580, stack(0x000000001d450000,0x000000001d550000)]
  0x0000000019d26800 JavaThread "http-nio-9001-exec-4" daemon [_thread_blocked, id=23248, stack(0x000000001d350000,0x000000001d450000)]
  0x0000000019d26000 JavaThread "http-nio-9001-exec-3" daemon [_thread_blocked, id=18944, stack(0x000000001d250000,0x000000001d350000)]
  0x0000000019d1e800 JavaThread "http-nio-9001-exec-2" daemon [_thread_blocked, id=29204, stack(0x000000001d150000,0x000000001d250000)]
  0x0000000019d21800 JavaThread "http-nio-9001-exec-1" daemon [_thread_blocked, id=19344, stack(0x000000001d050000,0x000000001d150000)]
  0x0000000019d24800 JavaThread "NioBlockingSelector.BlockPoller-1" daemon [_thread_in_native, id=24724, stack(0x000000001cd50000,0x000000001ce50000)]
  0x0000000019d22000 JavaThread "DiscoveryClient-InstanceInfoReplicator-0" daemon [_thread_blocked, id=25220, stack(0x000000001cc50000,0x000000001cd50000)]
  0x0000000019d23800 JavaThread "DiscoveryClient-1" daemon [_thread_blocked, id=29736, stack(0x000000001c950000,0x000000001ca50000)]
  0x0000000019d20000 JavaThread "DiscoveryClient-0" daemon [_thread_blocked, id=24916, stack(0x000000001c850000,0x000000001c950000)]
  0x0000000019d25000 JavaThread "AsyncResolver-bootstrap-0" daemon [_thread_blocked, id=21596, stack(0x000000001c350000,0x000000001c450000)]
  0x0000000019d1f000 JavaThread "Eureka-JerseyClient-Conn-Cleaner2" daemon [_thread_blocked, id=9020, stack(0x000000001a750000,0x000000001a850000)]
  0x0000000019d23000 JavaThread "Eureka-JerseyClient-Conn-Cleaner2" daemon [_thread_blocked, id=29516, stack(0x0000000017e80000,0x0000000017f80000)]
  0x00000000193e6000 JavaThread "spring.cloud.inetutils" daemon [_thread_blocked, id=23156, stack(0x000000001b250000,0x000000001b350000)]
  0x00000000193e7000 JavaThread "HikariPool-1 housekeeper" daemon [_thread_blocked, id=21420, stack(0x000000001b050000,0x000000001b150000)]
  0x0000000015f2c000 JavaThread "Abandoned connection cleanup thread" daemon [_thread_blocked, id=21668, stack(0x000000001ac50000,0x000000001ad50000)]
  0x0000000017700000 JavaThread "container-0" [_thread_blocked, id=29124, stack(0x000000001a950000,0x000000001aa50000)]
  0x00000000176ef000 JavaThread "ContainerBackgroundProcessor[StandardEngine[Tomcat]]" daemon [_thread_blocked, id=28940, stack(0x000000001a850000,0x000000001a950000)]
  0x000000001558d000 JavaThread "RMI Scheduler(0)" daemon [_thread_blocked, id=15808, stack(0x0000000018480000,0x0000000018580000)]
  0x0000000016297000 JavaThread "RMI TCP Connection(1)-169.254.133.187" daemon [_thread_in_native, id=25320, stack(0x0000000018380000,0x0000000018480000)]
  0x0000000016aad000 JavaThread "RMI TCP Accept-0" daemon [_thread_in_native, id=3144, stack(0x00000000179d0000,0x0000000017ad0000)]
  0x00000000163d2000 JavaThread "Service Thread" daemon [_thread_blocked, id=16992, stack(0x00000000168e0000,0x00000000169e0000)]
  0x0000000016348000 JavaThread "C1 CompilerThread2" daemon [_thread_blocked, id=12460, stack(0x00000000167e0000,0x00000000168e0000)]
  0x0000000016345800 JavaThread "C2 CompilerThread1" daemon [_thread_blocked, id=20456, stack(0x00000000166e0000,0x00000000167e0000)]
  0x0000000016446800 JavaThread "C2 CompilerThread0" daemon [_thread_blocked, id=24028, stack(0x00000000165e0000,0x00000000166e0000)]
  0x000000001414d000 JavaThread "JDWP Command Reader" daemon [_thread_in_native, id=26364, stack(0x0000000015ce0000,0x0000000015de0000)]
  0x000000001414a000 JavaThread "JDWP Event Helper Thread" daemon [_thread_blocked, id=27520, stack(0x0000000015be0000,0x0000000015ce0000)]
  0x000000001413b800 JavaThread "JDWP Transport Listener: dt_socket" daemon [_thread_blocked, id=19980, stack(0x0000000015ae0000,0x0000000015be0000)]
  0x0000000014130000 JavaThread "Attach Listener" daemon [_thread_blocked, id=25492, stack(0x00000000159e0000,0x0000000015ae0000)]
  0x0000000015523800 JavaThread "Signal Dispatcher" daemon [_thread_blocked, id=30484, stack(0x00000000158e0000,0x00000000159e0000)]
  0x00000000140f3800 JavaThread "Finalizer" daemon [_thread_blocked, id=12696, stack(0x0000000015370000,0x0000000015470000)]
  0x00000000140ea000 JavaThread "Reference Handler" daemon [_thread_blocked, id=27784, stack(0x0000000015270000,0x0000000015370000)]

Other Threads:
  0x00000000140c7800 VMThread [stack: 0x0000000015170000,0x0000000015270000] [id=9052]
  0x0000000016ac6800 WatcherThread [stack: 0x0000000017ad0000,0x0000000017bd0000] [id=24328]

VM state:not at safepoint (normal execution)

VM Mutex/Monitor currently owned by a thread: None

heap address: 0x00000000e0000000, size: 512 MB, Compressed Oops mode: 32-bit
Narrow klass base: 0x0000000000000000, Narrow klass shift: 3
Compressed class space size: 1073741824 Address: 0x0000000100000000

Heap:
 PSYoungGen      total 157184K, used 29055K [0x00000000f5580000, 0x00000000fff80000, 0x0000000100000000)
  eden space 140288K, 20% used [0x00000000f5580000,0x00000000f71dfec8,0x00000000fde80000)
  from space 16896K, 0% used [0x00000000fde80000,0x00000000fde80000,0x00000000fef00000)
  to   space 16896K, 0% used [0x00000000fef00000,0x00000000fef00000,0x00000000fff80000)
 ParOldGen       total 224256K, used 46766K [0x00000000e0000000, 0x00000000edb00000, 0x00000000f5580000)
  object space 224256K, 20% used [0x00000000e0000000,0x00000000e2dab850,0x00000000edb00000)
 Metaspace       used 61590K, capacity 64313K, committed 64768K, reserved 1110016K
  class space    used 8323K, capacity 8836K, committed 8960K, reserved 1048576K

Card table byte_map: [0x0000000012090000,0x00000000121a0000] byte_map_base: 0x0000000011990000

Marking Bits: (ParMarkBitMap*) 0x00000000630c5ce0
 Begin Bits: [0x0000000012650000, 0x0000000012e50000)
 End Bits:   [0x0000000012e50000, 0x0000000013650000)

Polling page: 0x0000000002b70000

CodeCache: size=245760Kb used=11789Kb max_used=11789Kb free=233970Kb
 bounds [0x0000000002cd0000, 0x0000000003860000, 0x0000000011cd0000]
 total_blobs=6248 nmethods=5659 adapters=508
 compilation: enabled

Compilation events (10 events):
Event: 30.951 Thread 0x0000000016348000 5736       1       java.lang.invoke.MethodHandleImpl::makeIntrinsic (14 bytes)
Event: 30.951 Thread 0x0000000016348000 nmethod 5736 0x000000000384abd0 code [0x000000000384ad40, 0x000000000384afb8]
Event: 30.960 Thread 0x0000000016348000 5737       1       com.fasterxml.jackson.databind.SerializationFeature::getMask (5 bytes)
Event: 30.960 Thread 0x0000000016348000 nmethod 5737 0x000000000384b150 code [0x000000000384b2a0, 0x000000000384b3b0]
Event: 30.962 Thread 0x0000000016348000 5738       1       java.util.ResourceBundle::isValidBundle (17 bytes)
Event: 30.962 Thread 0x0000000016348000 nmethod 5738 0x000000000384b410 code [0x000000000384b560, 0x000000000384b690]
Event: 30.967 Thread 0x0000000016348000 5739       1       com.fasterxml.jackson.databind.JavaType::hashCode (5 bytes)
Event: 30.967 Thread 0x0000000016348000 nmethod 5739 0x000000000384b950 code [0x000000000384baa0, 0x000000000384bbb0]
Event: 30.977 Thread 0x0000000016348000 5740       1       java.nio.HeapByteBuffer::isReadOnly (2 bytes)
Event: 30.977 Thread 0x0000000016348000 nmethod 5740 0x000000000384bc10 code [0x000000000384bd60, 0x000000000384be70]

GC Heap History (10 events):
Event: 24.953 GC heap before
{Heap before GC invocations=15 (full 2):
 PSYoungGen      total 156160K, used 147639K [0x00000000f5580000, 0x00000000fff00000, 0x0000000100000000)
  eden space 139776K, 100% used [0x00000000f5580000,0x00000000fde00000,0x00000000fde00000)
  from space 16384K, 47% used [0x00000000fef00000,0x00000000ff6adcd8,0x00000000fff00000)
  to   space 16896K, 0% used [0x00000000fde00000,0x00000000fde00000,0x00000000fee80000)
 ParOldGen       total 175104K, used 30008K [0x00000000e0000000, 0x00000000eab00000, 0x00000000f5580000)
  object space 175104K, 17% used [0x00000000e0000000,0x00000000e1d4e370,0x00000000eab00000)
 Metaspace       used 53734K, capacity 56310K, committed 56448K, reserved 1097728K
  class space    used 7234K, capacity 7718K, committed 7808K, reserved 1048576K
Event: 24.971 GC heap after
Heap after GC invocations=15 (full 2):
 PSYoungGen      total 156672K, used 4440K [0x00000000f5580000, 0x0000000100000000, 0x0000000100000000)
  eden space 139776K, 0% used [0x00000000f5580000,0x00000000f5580000,0x00000000fde00000)
  from space 16896K, 26% used [0x00000000fde00000,0x00000000fe256288,0x00000000fee80000)
  to   space 17408K, 0% used [0x00000000fef00000,0x00000000fef00000,0x0000000100000000)
 ParOldGen       total 175104K, used 36316K [0x00000000e0000000, 0x00000000eab00000, 0x00000000f5580000)
  object space 175104K, 20% used [0x00000000e0000000,0x00000000e23773c0,0x00000000eab00000)
 Metaspace       used 53734K, capacity 56310K, committed 56448K, reserved 1097728K
  class space    used 7234K, capacity 7718K, committed 7808K, reserved 1048576K
}
Event: 28.245 GC heap before
{Heap before GC invocations=16 (full 2):
 PSYoungGen      total 156672K, used 111170K [0x00000000f5580000, 0x0000000100000000, 0x0000000100000000)
  eden space 139776K, 76% used [0x00000000f5580000,0x00000000fbdba810,0x00000000fde00000)
  from space 16896K, 26% used [0x00000000fde00000,0x00000000fe256288,0x00000000fee80000)
  to   space 17408K, 0% used [0x00000000fef00000,0x00000000fef00000,0x0000000100000000)
 ParOldGen       total 175104K, used 36316K [0x00000000e0000000, 0x00000000eab00000, 0x00000000f5580000)
  object space 175104K, 20% used [0x00000000e0000000,0x00000000e23773c0,0x00000000eab00000)
 Metaspace       used 56099K, capacity 58760K, committed 59008K, reserved 1099776K
  class space    used 7568K, capacity 8041K, committed 8064K, reserved 1048576K
Event: 28.257 GC heap after
Heap after GC invocations=16 (full 2):
 PSYoungGen      total 157184K, used 5771K [0x00000000f5580000, 0x00000000fff80000, 0x0000000100000000)
  eden space 140288K, 0% used [0x00000000f5580000,0x00000000f5580000,0x00000000fde80000)
  from space 16896K, 34% used [0x00000000fef00000,0x00000000ff4a2d68,0x00000000fff80000)
  to   space 16896K, 0% used [0x00000000fde80000,0x00000000fde80000,0x00000000fef00000)
 ParOldGen       total 175104K, used 39732K [0x00000000e0000000, 0x00000000eab00000, 0x00000000f5580000)
  object space 175104K, 22% used [0x00000000e0000000,0x00000000e26cd3c0,0x00000000eab00000)
 Metaspace       used 56099K, capacity 58760K, committed 59008K, reserved 1099776K
  class space    used 7568K, capacity 8041K, committed 8064K, reserved 1048576K
}
Event: 28.257 GC heap before
{Heap before GC invocations=17 (full 3):
 PSYoungGen      total 157184K, used 5771K [0x00000000f5580000, 0x00000000fff80000, 0x0000000100000000)
  eden space 140288K, 0% used [0x00000000f5580000,0x00000000f5580000,0x00000000fde80000)
  from space 16896K, 34% used [0x00000000fef00000,0x00000000ff4a2d68,0x00000000fff80000)
  to   space 16896K, 0% used [0x00000000fde80000,0x00000000fde80000,0x00000000fef00000)
 ParOldGen       total 175104K, used 39732K [0x00000000e0000000, 0x00000000eab00000, 0x00000000f5580000)
  object space 175104K, 22% used [0x00000000e0000000,0x00000000e26cd3c0,0x00000000eab00000)
 Metaspace       used 56099K, capacity 58760K, committed 59008K, reserved 1099776K
  class space    used 7568K, capacity 8041K, committed 8064K, reserved 1048576K
Event: 28.579 GC heap after
Heap after GC invocations=17 (full 3):
 PSYoungGen      total 157184K, used 0K [0x00000000f5580000, 0x00000000fff80000, 0x0000000100000000)
  eden space 140288K, 0% used [0x00000000f5580000,0x00000000f5580000,0x00000000fde80000)
  from space 16896K, 0% used [0x00000000fef00000,0x00000000fef00000,0x00000000fff80000)
  to   space 16896K, 0% used [0x00000000fde80000,0x00000000fde80000,0x00000000fef00000)
 ParOldGen       total 224256K, used 43494K [0x00000000e0000000, 0x00000000edb00000, 0x00000000f5580000)
  object space 224256K, 19% used [0x00000000e0000000,0x00000000e2a79960,0x00000000edb00000)
 Metaspace       used 56099K, capacity 58760K, committed 59008K, reserved 1099776K
  class space    used 7568K, capacity 8041K, committed 8064K, reserved 1048576K
}
Event: 30.568 GC heap before
{Heap before GC invocations=18 (full 3):
 PSYoungGen      total 157184K, used 67982K [0x00000000f5580000, 0x00000000fff80000, 0x0000000100000000)
  eden space 140288K, 48% used [0x00000000f5580000,0x00000000f97e3ac8,0x00000000fde80000)
  from space 16896K, 0% used [0x00000000fef00000,0x00000000fef00000,0x00000000fff80000)
  to   space 16896K, 0% used [0x00000000fde80000,0x00000000fde80000,0x00000000fef00000)
 ParOldGen       total 224256K, used 43494K [0x00000000e0000000, 0x00000000edb00000, 0x00000000f5580000)
  object space 224256K, 19% used [0x00000000e0000000,0x00000000e2a79960,0x00000000edb00000)
 Metaspace       used 60114K, capacity 62737K, committed 62976K, reserved 1114112K
  class space    used 8121K, capacity 8594K, committed 8704K, reserved 1048576K
Event: 30.573 GC heap after
Heap after GC invocations=18 (full 3):
 PSYoungGen      total 157184K, used 5255K [0x00000000f5580000, 0x00000000fff80000, 0x0000000100000000)
  eden space 140288K, 0% used [0x00000000f5580000,0x00000000f5580000,0x00000000fde80000)
  from space 16896K, 31% used [0x00000000fde80000,0x00000000fe3a1d08,0x00000000fef00000)
  to   space 16896K, 0% used [0x00000000fef00000,0x00000000fef00000,0x00000000fff80000)
 ParOldGen       total 224256K, used 43502K [0x00000000e0000000, 0x00000000edb00000, 0x00000000f5580000)
  object space 224256K, 19% used [0x00000000e0000000,0x00000000e2a7b960,0x00000000edb00000)
 Metaspace       used 60114K, capacity 62737K, committed 62976K, reserved 1114112K
  class space    used 8121K, capacity 8594K, committed 8704K, reserved 1048576K
}
Event: 30.573 GC heap before
{Heap before GC invocations=19 (full 4):
 PSYoungGen      total 157184K, used 5255K [0x00000000f5580000, 0x00000000fff80000, 0x0000000100000000)
  eden space 140288K, 0% used [0x00000000f5580000,0x00000000f5580000,0x00000000fde80000)
  from space 16896K, 31% used [0x00000000fde80000,0x00000000fe3a1d08,0x00000000fef00000)
  to   space 16896K, 0% used [0x00000000fef00000,0x00000000fef00000,0x00000000fff80000)
 ParOldGen       total 224256K, used 43502K [0x00000000e0000000, 0x00000000edb00000, 0x00000000f5580000)
  object space 224256K, 19% used [0x00000000e0000000,0x00000000e2a7b960,0x00000000edb00000)
 Metaspace       used 60114K, capacity 62737K, committed 62976K, reserved 1114112K
  class space    used 8121K, capacity 8594K, committed 8704K, reserved 1048576K
Event: 30.681 GC heap after
Heap after GC invocations=19 (full 4):
 PSYoungGen      total 157184K, used 0K [0x00000000f5580000, 0x00000000fff80000, 0x0000000100000000)
  eden space 140288K, 0% used [0x00000000f5580000,0x00000000f5580000,0x00000000fde80000)
  from space 16896K, 0% used [0x00000000fde80000,0x00000000fde80000,0x00000000fef00000)
  to   space 16896K, 0% used [0x00000000fef00000,0x00000000fef00000,0x00000000fff80000)
 ParOldGen       total 224256K, used 46766K [0x00000000e0000000, 0x00000000edb00000, 0x00000000f5580000)
  object space 224256K, 20% used [0x00000000e0000000,0x00000000e2dab850,0x00000000edb00000)
 Metaspace       used 60114K, capacity 62737K, committed 62976K, reserved 1110016K
  class space    used 8121K, capacity 8594K, committed 8704K, reserved 1048576K
}

Deoptimization events (0 events):
No events

Classes redefined (0 events):
No events

Internal exceptions (10 events):
Event: 30.906 Thread 0x0000000002a6a000 Exception <a 'java/lang/ArrayIndexOutOfBoundsException'> (0x00000000f64a1b90) thrown at [C:\re\workspace\8-2-build-windows-amd64-cygwin\jdk8u202\12323\hotspot\src\share\vm\runtime\sharedRuntime.cpp, line 605]
Event: 30.906 Thread 0x0000000002a6a000 Exception <a 'java/lang/ArrayIndexOutOfBoundsException'> (0x00000000f64a4f58) thrown at [C:\re\workspace\8-2-build-windows-amd64-cygwin\jdk8u202\12323\hotspot\src\share\vm\runtime\sharedRuntime.cpp, line 605]
Event: 30.912 Thread 0x0000000002a6a000 Exception <a 'java/lang/ArrayIndexOutOfBoundsException'> (0x00000000f64e4e68) thrown at [C:\re\workspace\8-2-build-windows-amd64-cygwin\jdk8u202\12323\hotspot\src\share\vm\runtime\sharedRuntime.cpp, line 605]
Event: 30.915 Thread 0x0000000019d22000 Exception <a 'java/net/SocketTimeoutException': Read timed out> (0x00000000f65b3928) thrown at [C:\re\workspace\8-2-build-windows-amd64-cygwin\jdk8u202\12323\hotspot\src\share\vm\prims\jni.cpp, line 736]
Event: 30.960 Thread 0x0000000019d22000 Exception <a 'java/lang/ArrayIndexOutOfBoundsException'> (0x00000000f6b1b458) thrown at [C:\re\workspace\8-2-build-windows-amd64-cygwin\jdk8u202\12323\hotspot\src\share\vm\runtime\sharedRuntime.cpp, line 605]
Event: 30.960 Thread 0x0000000019d22000 Exception <a 'java/lang/ArrayIndexOutOfBoundsException'> (0x00000000f6b1cc88) thrown at [C:\re\workspace\8-2-build-windows-amd64-cygwin\jdk8u202\12323\hotspot\src\share\vm\runtime\sharedRuntime.cpp, line 605]
Event: 30.961 Thread 0x0000000019d22000 Exception <a 'java/lang/ArrayIndexOutOfBoundsException'> (0x00000000f6b363a0) thrown at [C:\re\workspace\8-2-build-windows-amd64-cygwin\jdk8u202\12323\hotspot\src\share\vm\runtime\sharedRuntime.cpp, line 605]
Event: 30.962 Thread 0x0000000019d22000 Exception <a 'java/lang/ArrayIndexOutOfBoundsException'> (0x00000000f6b380f0) thrown at [C:\re\workspace\8-2-build-windows-amd64-cygwin\jdk8u202\12323\hotspot\src\share\vm\runtime\sharedRuntime.cpp, line 605]
Event: 30.962 Thread 0x0000000019d22000 Exception <a 'java/lang/ArrayIndexOutOfBoundsException'> (0x00000000f6b399c8) thrown at [C:\re\workspace\8-2-build-windows-amd64-cygwin\jdk8u202\12323\hotspot\src\share\vm\runtime\sharedRuntime.cpp, line 605]
Event: 30.967 Thread 0x0000000019d22000 Exception <a 'java/lang/ArrayIndexOutOfBoundsException'> (0x00000000f6c54768) thrown at [C:\re\workspace\8-2-build-windows-amd64-cygwin\jdk8u202\12323\hotspot\src\share\vm\runtime\sharedRuntime.cpp, line 605]

Events (10 events):
Event: 30.989 Thread 0x0000000002a6a000 DEOPT PACKING pc=0x00000000037fbc7c sp=0x0000000002a5db60
Event: 30.989 Thread 0x0000000002a6a000 DEOPT UNPACKING pc=0x0000000002d17890 sp=0x0000000002a5d980 mode 1
Event: 30.989 Thread 0x0000000002a6a000 DEOPT PACKING pc=0x0000000002f09549 sp=0x0000000002a5dba0
Event: 30.989 Thread 0x0000000002a6a000 DEOPT UNPACKING pc=0x0000000002d17890 sp=0x0000000002a5d900 mode 1
Event: 30.989 Thread 0x0000000002a6a000 DEOPT PACKING pc=0x0000000002ee9fb4 sp=0x0000000002a5dcf0
Event: 30.989 Thread 0x0000000002a6a000 DEOPT UNPACKING pc=0x0000000002d17890 sp=0x0000000002a5da68 mode 1
Event: 30.989 Thread 0x0000000002a6a000 DEOPT PACKING pc=0x0000000002edccbc sp=0x0000000002a5dda0
Event: 30.989 Thread 0x0000000002a6a000 DEOPT UNPACKING pc=0x0000000002d17890 sp=0x0000000002a5dad0 mode 1
Event: 30.989 Thread 0x0000000002a6a000 DEOPT PACKING pc=0x00000000034fcd54 sp=0x0000000002a5ddf0
Event: 30.989 Thread 0x0000000002a6a000 DEOPT UNPACKING pc=0x0000000002d17890 sp=0x0000000002a5dc40 mode 1


Dynamic libraries:
0x00007ff70bd00000 - 0x00007ff70bd37000 	E:\java\jdk1.8\bin\java.exe
0x00007ff8aff20000 - 0x00007ff8b0110000 	C:\Windows\SYSTEM32\ntdll.dll
0x00007ff8af3d0000 - 0x00007ff8af482000 	C:\Windows\System32\KERNEL32.DLL
0x00007ff8ad010000 - 0x00007ff8ad2b4000 	C:\Windows\System32\KERNELBASE.dll
0x00007ff8adfd0000 - 0x00007ff8ae073000 	C:\Windows\System32\ADVAPI32.dll
0x00007ff8af1e0000 - 0x00007ff8af27e000 	C:\Windows\System32\msvcrt.dll
0x00007ff8aecd0000 - 0x00007ff8aed67000 	C:\Windows\System32\sechost.dll
0x00007ff8af2b0000 - 0x00007ff8af3d0000 	C:\Windows\System32\RPCRT4.dll
0x00007ff8af4a0000 - 0x00007ff8af634000 	C:\Windows\System32\USER32.dll
0x00007ff8aceb0000 - 0x00007ff8aced1000 	C:\Windows\System32\win32u.dll
0x00007ff8af280000 - 0x00007ff8af2a6000 	C:\Windows\System32\GDI32.dll
0x00007ff8ad460000 - 0x00007ff8ad5f5000 	C:\Windows\System32\gdi32full.dll
0x00007ff8acf40000 - 0x00007ff8acfde000 	C:\Windows\System32\msvcp_win.dll
0x00007ff8ad600000 - 0x00007ff8ad6fa000 	C:\Windows\System32\ucrtbase.dll
0x00007ff89f480000 - 0x00007ff89f704000 	C:\Windows\WinSxS\amd64_microsoft.windows.common-controls_6595b64144ccf1df_6.0.18362.900_none_e6beb9d913147d17\COMCTL32.dll
0x00007ff8af800000 - 0x00007ff8afb35000 	C:\Windows\System32\combase.dll
0x00007ff8ad7b0000 - 0x00007ff8ad830000 	C:\Windows\System32\bcryptPrimitives.dll
0x00007ff8af1b0000 - 0x00007ff8af1de000 	C:\Windows\System32\IMM32.DLL
0x0000000063600000 - 0x00000000636d2000 	E:\java\jdk1.8\jre\bin\msvcr100.dll
0x00000000628a0000 - 0x0000000063145000 	E:\java\jdk1.8\jre\bin\server\jvm.dll
0x00007ff8af7f0000 - 0x00007ff8af7f8000 	C:\Windows\System32\PSAPI.DLL
0x00007ff8a82f0000 - 0x00007ff8a82f9000 	C:\Windows\SYSTEM32\WSOCK32.dll
0x00007ff8aaf50000 - 0x00007ff8aaf74000 	C:\Windows\SYSTEM32\WINMM.dll
0x00007ff8aedf0000 - 0x00007ff8aee5f000 	C:\Windows\System32\WS2_32.dll
0x00007ff8aaf20000 - 0x00007ff8aaf4d000 	C:\Windows\SYSTEM32\WINMMBASE.dll
0x00007ff8a1f60000 - 0x00007ff8a1f6a000 	C:\Windows\SYSTEM32\VERSION.dll
0x00007ff8ad2c0000 - 0x00007ff8ad30a000 	C:\Windows\System32\cfgmgr32.dll
0x00007ff8a8350000 - 0x00007ff8a835f000 	E:\java\jdk1.8\jre\bin\verify.dll
0x00007ff8a5650000 - 0x00007ff8a5679000 	E:\java\jdk1.8\jre\bin\java.dll
0x00007ff8962a0000 - 0x00007ff8962d5000 	E:\java\jdk1.8\jre\bin\jdwp.dll
0x00007ff8a8340000 - 0x00007ff8a8348000 	E:\java\jdk1.8\jre\bin\npt.dll
0x00007ff89a7c0000 - 0x00007ff89a7e3000 	E:\java\jdk1.8\jre\bin\instrument.dll
0x00007ff8a5630000 - 0x00007ff8a5646000 	E:\java\jdk1.8\jre\bin\zip.dll
0x00007ff8ae570000 - 0x00007ff8aec56000 	C:\Windows\System32\SHELL32.dll
0x00007ff8afe30000 - 0x00007ff8afed9000 	C:\Windows\System32\shcore.dll
0x00007ff8ad830000 - 0x00007ff8adfb0000 	C:\Windows\System32\windows.storage.dll
0x00007ff8ace80000 - 0x00007ff8acea3000 	C:\Windows\System32\profapi.dll
0x00007ff8acdf0000 - 0x00007ff8ace3a000 	C:\Windows\System32\powrprof.dll
0x00007ff8acde0000 - 0x00007ff8acdf0000 	C:\Windows\System32\UMPDC.dll
0x00007ff8af140000 - 0x00007ff8af192000 	C:\Windows\System32\shlwapi.dll
0x00007ff8ace60000 - 0x00007ff8ace71000 	C:\Windows\System32\kernel.appcore.dll
0x00007ff8adfb0000 - 0x00007ff8adfc7000 	C:\Windows\System32\cryptsp.dll
0x00007ff8a8310000 - 0x00007ff8a8319000 	E:\java\jdk1.8\jre\bin\dt_socket.dll
0x00007ff8ac5f0000 - 0x00007ff8ac657000 	C:\Windows\system32\mswsock.dll
0x00007ff8a55d0000 - 0x00007ff8a55ea000 	E:\java\jdk1.8\jre\bin\net.dll
0x00007ff89eff0000 - 0x00007ff89f1c6000 	C:\Windows\SYSTEM32\urlmon.dll
0x00007ff89f9a0000 - 0x00007ff89fc46000 	C:\Windows\SYSTEM32\iertutil.dll
0x00007ff8ac7c0000 - 0x00007ff8ac7cc000 	C:\Windows\SYSTEM32\CRYPTBASE.DLL
0x00007ff8ac340000 - 0x00007ff8ac40b000 	C:\Windows\SYSTEM32\DNSAPI.dll
0x00007ff8af1a0000 - 0x00007ff8af1a8000 	C:\Windows\System32\NSI.dll
0x00007ff8ac300000 - 0x00007ff8ac33a000 	C:\Windows\SYSTEM32\IPHLPAPI.DLL
0x00007ff8a1d10000 - 0x00007ff8a1d1a000 	C:\Windows\System32\rasadhlp.dll
0x00007ff8a4160000 - 0x00007ff8a41d7000 	C:\Windows\System32\fwpuclnt.dll
0x00007ff8acfe0000 - 0x00007ff8ad006000 	C:\Windows\System32\bcrypt.dll
0x00007ff8a82e0000 - 0x00007ff8a82ed000 	E:\java\jdk1.8\jre\bin\management.dll
0x00007ff89a860000 - 0x00007ff89a872000 	E:\java\jdk1.8\jre\bin\nio.dll
0x00007ff8ac160000 - 0x00007ff8ac193000 	C:\Windows\system32\rsaenh.dll
0x00007ff8acd00000 - 0x00007ff8acd25000 	C:\Windows\SYSTEM32\USERENV.dll
0x00007ff8a4ba0000 - 0x00007ff8a4bb6000 	C:\Windows\SYSTEM32\dhcpcsvc6.DLL
0x00007ff8a4a00000 - 0x00007ff8a4a1c000 	C:\Windows\SYSTEM32\dhcpcsvc.DLL
0x00007ff896eb0000 - 0x00007ff896ec6000 	C:\Windows\system32\napinsp.dll
0x00007ff896e90000 - 0x00007ff896eaa000 	C:\Windows\system32\pnrpnsp.dll
0x00007ff897b60000 - 0x00007ff897b6e000 	C:\Windows\System32\winrnr.dll
0x00007ff8a9630000 - 0x00007ff8a964c000 	C:\Windows\system32\NLAapi.dll
0x00007ff8a8780000 - 0x00007ff8a8795000 	C:\Windows\system32\wshbth.dll
0x00007ff8979f0000 - 0x00007ff897a14000 	E:\java\jdk1.8\jre\bin\sunec.dll
0x00007ff8a59e0000 - 0x00007ff8a59eb000 	E:\java\jdk1.8\jre\bin\sunmscapi.dll
0x00007ff8ad310000 - 0x00007ff8ad459000 	C:\Windows\System32\CRYPT32.dll
0x00007ff8ace40000 - 0x00007ff8ace52000 	C:\Windows\System32\MSASN1.dll

VM Arguments:
jvm_args: -agentlib:jdwp=transport=dt_socket,address=127.0.0.1:59348,suspend=y,server=n -Xms256m -Xmx512m -XX:TieredStopAtLevel=1 -Xverify:none -Dspring.output.ansi.enabled=always -Dcom.sun.management.jmxremote -Dspring.jmx.enabled=true -Dspring.liveBeansView.mbeanDomain -Dspring.application.admin.enabled=true -javaagent:C:\Users\Administrator\.IntelliJIdea2019.2\system\captureAgent\debugger-agent.jar -Dfile.encoding=UTF-8 
java_command: com.ihrm.company.CompanyApplication
java_class_path (initial): E:\java\jdk1.8\jre\lib\charsets.jar;E:\java\jdk1.8\jre\lib\deploy.jar;E:\java\jdk1.8\jre\lib\ext\access-bridge-64.jar;E:\java\jdk1.8\jre\lib\ext\cldrdata.jar;E:\java\jdk1.8\jre\lib\ext\dnsns.jar;E:\java\jdk1.8\jre\lib\ext\jaccess.jar;E:\java\jdk1.8\jre\lib\ext\jfxrt.jar;E:\java\jdk1.8\jre\lib\ext\localedata.jar;E:\java\jdk1.8\jre\lib\ext\nashorn.jar;E:\java\jdk1.8\jre\lib\ext\sunec.jar;E:\java\jdk1.8\jre\lib\ext\sunjce_provider.jar;E:\java\jdk1.8\jre\lib\ext\sunmscapi.jar;E:\java\jdk1.8\jre\lib\ext\sunpkcs11.jar;E:\java\jdk1.8\jre\lib\ext\zipfs.jar;E:\java\jdk1.8\jre\lib\javaws.jar;E:\java\jdk1.8\jre\lib\jce.jar;E:\java\jdk1.8\jre\lib\jfr.jar;E:\java\jdk1.8\jre\lib\jfxswt.jar;E:\java\jdk1.8\jre\lib\jsse.jar;E:\java\jdk1.8\jre\lib\management-agent.jar;E:\java\jdk1.8\jre\lib\plugin.jar;E:\java\jdk1.8\jre\lib\resources.jar;E:\java\jdk1.8\jre\lib\rt.jar;H:\program\IHRM\ihrm_parent\ihrm_company\target\classes;C:\Users\Administrator\.m2\repository\org\springframework\cloud\spring-cloud-starter-netflix-eureka-client\2.0.0.M8\spring-cloud-starter-netflix-eureka-client-2.0.0.M8.jar;C:\Users\Administrator\.m2\repository\org\springframework\cloud\spring-cloud-starter\2.0.0.M9\spring-cloud-starter-2.0.0.M9.jar;C:\Users\Administrator\.m2\repository\org\springframework\cloud\spring-cloud-context\2.0.0.M9\spring-cloud-context-2.0.0.M9.jar;C:\Users\Administrator\.m2\repository\org\springframework\security\spring-security-crypto\5.0.8.RELEASE\spring-security-crypto-5.0.8.RELEASE.jar;C:\Users\Administrator\.m2\repository\org\springframework\cloud\spring-cloud-commons\2.0.0.M9\spring-cloud-commons-2.0.0.M9.jar;C:\Users\Administrator\.m2\repository\org\springframework\security\spring-security-rsa\1.0.5.RELEASE\spring-security-rsa-1.0.5.RELEASE.jar;C:\Users\Administrator\.m2\repository\org\bouncycastle\bcpkix-jdk15on\1.56\bcpkix-jdk15on-1.56.jar;C:\Users\Administrator\.m2\repository\org\bouncycastle\bcprov-jdk15on\1.56\bcprov-jdk15on-1.56.jar;C:\Users\Admini
Launcher Type: SUN_STANDARD

Environment Variables:
JAVA_HOME=E:\java\jdk1.8
CLASSPATH=.;E:\java\jdk1.8\lib\dt.jar;E:\java\jdk1.8\lib\tools.jar;
PATH=E:\;C:\Python27\;C:\Python27\Scripts;C:\Program Files (x86)\Common Files\Oracle\Java\javapath;C:\Windows\system32;C:\Windows;C:\Windows\System32\Wbem;C:\Windows\System32\WindowsPowerShell\v1.0\;C:\Windows\System32\OpenSSH\;C:\Program Files (x86)\NVIDIA Corporation\PhysX\Common;"E:\java\jdk1.8\bin;E:\java\jdk1.8\jre\bin;";E:\Git\cmd;C:\Program Files\MySQL\MySQL Server 5.7\bin;E:\erl10.0.1\bin;E:\curl-7.70.0-win64-mingw\bin;E:\consul;E:\apache-maven-3.6.3-bin\apache-maven-3.6.3\bin;E:\nodejs\;C:\ProgramData\chocolatey\bin;E:\ffmpeg-20200209-5ad1c1a-win64-static\ffmpeg-20200209-5ad1c1a-win64-static\bin;"E:\apache-tomcat-9.0.36\lib;E:\apache-tomcat-9.0.36\bin";E:\Go\bin;H:\program\GoWork\bin;E:\Ruby27-x64\bin;C:\Users\Administrator\AppData\Local\Microsoft\WindowsApps;H:\IntelliJ IDEA 2019.2.4\bin;H:\Microsoft VS Code\bin;C:\Users\Administrator\AppData\Roaming\npm;E:\Fiddler;H:\GoLand 2020.1.3\bin;C:\Users\Administrator\go\bin;C:\Users\Administrator\AppData\Local\GitHubDesktop\bin
USERNAME=Administrator
OS=Windows_NT
PROCESSOR_IDENTIFIER=Intel64 Family 6 Model 58 Stepping 9, GenuineIntel



---------------  S Y S T E M  ---------------

OS: Windows 10.0 , 64 bit Build 18362 (10.0.18362.900)

CPU:total 4 (initial active 4) (2 cores per cpu, 2 threads per core) family 6 model 58 stepping 9, cmov, cx8, fxsr, mmx, sse, sse2, sse3, ssse3, sse4.1, sse4.2, popcnt, avx, aes, clmul, erms, ht, tsc, tscinvbit, tscinv

Memory: 4k page, physical 12482920k(4003788k free), swap 22968804k(32k free)

vm_info: Java HotSpot(TM) 64-Bit Server VM (25.202-b08) for windows-amd64 JRE (1.8.0_202-b08), built on Dec 15 2018 19:54:30 by "java_re" with MS VC++ 10.0 (VS2010)

time: Wed Jul 01 05:56:27 2020
timezone: 中国标准时间
elapsed time: 31 seconds (0d 0h 0m 31s)

